<?xml version="1.0" encoding="UTF-8"?>
<!-- Generated by org.testng.reporters.JUnitXMLReporter -->
<testsuite ignored="0" hostname="lin24009212" failures="0" tests="4" name="Default test" time="16.438" errors="0" timestamp="2024-04-30T17:10:21 IST">
  <testcase classname="com.makemytrip.FlightBooking" name="urlNavigation" time="4.185"/>
  <testcase classname="com.makemytrip.FlightBooking" name="removePopups" time="2.923"/>
  <testcase classname="com.makemytrip.FlightBooking" name="flightsTab" time="2.875"/>
  <testcase classname="com.makemytrip.FlightBooking" name="selectTripType" time="1.852"/>
</testsuite> <!-- Default test -->
